<?xml version="1.0" encoding="UTF-8"?>
<!-- Generated by org.testng.reporters.JUnitXMLReporter -->
<testsuite ignored="0" hostname="Nadsoft" failures="0" tests="5" name="Default test" time="4.602" errors="0" timestamp="2023-06-07T11:16:16 EET">
  <testcase classname="WebElementTest" name="Textarea_practice" time="0.474"/>
  <testcase classname="WebElementTest" name="Radio_Button_practice" time="0.078"/>
  <testcase classname="WebElementTest" name="CheckBox_practice" time="0.416"/>
  <testcase classname="WebElementTest" name="drop_down_list" time="0.126"/>
  <testcase classname="WebElementTest" name="upload_file" time="0.0"/>
</testsuite> <!-- Default test -->
